<?xml version="1.0" encoding="UTF-8"?>
<!-- Generated by org.testng.reporters.JUnitXMLReporter -->
<testsuite hostname="DESKTOP-GORB4NR" ignored="0" name="Default test" tests="6" failures="0" timestamp="02 Apr 2020 13:56:34 GMT" time="123.863" errors="0">
  <testcase name="SignIn_Test" time="22.167" classname="tests.SignInTest"/>
  <testcase name="SignIn_Test" time="23.265" classname="tests.SignInTest"/>
  <testcase name="SignIn_Test" time="18.555" classname="tests.SignInTest"/>
  <testcase name="SignIn_Test" time="19.575" classname="tests.SignInTest"/>
  <testcase name="SignIn_Test" time="19.129" classname="tests.SignInTest"/>
  <testcase name="SignIn_Test" time="21.052" classname="tests.SignInTest"/>
</testsuite> <!-- Default test -->
